{"total": {"lines":{"total":617,"covered":104,"skipped":0,"pct":16.85},"statements":{"total":639,"covered":104,"skipped":0,"pct":16.27},"functions":{"total":117,"covered":9,"skipped":0,"pct":7.69},"branches":{"total":205,"covered":4,"skipped":0,"pct":1.95},"branchesTrue":{"total":0,"covered":0,"skipped":0,"pct":100}}
,"C:\\Users\\Shani\\reichman\\2nd_year\\Sem_B\\fullstack\\online_store\\persist_module.js": {"lines":{"total":119,"covered":26,"skipped":0,"pct":21.84},"functions":{"total":33,"covered":6,"skipped":0,"pct":18.18},"statements":{"total":122,"covered":26,"skipped":0,"pct":21.31},"branches":{"total":14,"covered":2,"skipped":0,"pct":14.28}}
,"C:\\Users\\Shani\\reichman\\2nd_year\\Sem_B\\fullstack\\online_store\\server.js": {"lines":{"total":192,"covered":66,"skipped":0,"pct":34.37},"functions":{"total":32,"covered":3,"skipped":0,"pct":9.37},"statements":{"total":197,"covered":66,"skipped":0,"pct":33.5},"branches":{"total":42,"covered":2,"skipped":0,"pct":4.76}}
,"C:\\Users\\Shani\\reichman\\2nd_year\\Sem_B\\fullstack\\online_store\\screens\\admin-server.js": {"lines":{"total":65,"covered":2,"skipped":0,"pct":3.07},"functions":{"total":13,"covered":0,"skipped":0,"pct":0},"statements":{"total":67,"covered":2,"skipped":0,"pct":2.98},"branches":{"total":34,"covered":0,"skipped":0,"pct":0}}
,"C:\\Users\\Shani\\reichman\\2nd_year\\Sem_B\\fullstack\\online_store\\screens\\cart-server.js": {"lines":{"total":107,"covered":2,"skipped":0,"pct":1.86},"functions":{"total":18,"covered":0,"skipped":0,"pct":0},"statements":{"total":115,"covered":2,"skipped":0,"pct":1.73},"branches":{"total":56,"covered":0,"skipped":0,"pct":0}}
,"C:\\Users\\Shani\\reichman\\2nd_year\\Sem_B\\fullstack\\online_store\\screens\\checkout-server.js": {"lines":{"total":36,"covered":2,"skipped":0,"pct":5.55},"functions":{"total":6,"covered":0,"skipped":0,"pct":0},"statements":{"total":37,"covered":2,"skipped":0,"pct":5.4},"branches":{"total":33,"covered":0,"skipped":0,"pct":0}}
,"C:\\Users\\Shani\\reichman\\2nd_year\\Sem_B\\fullstack\\online_store\\screens\\login-server.js": {"lines":{"total":24,"covered":2,"skipped":0,"pct":8.33},"functions":{"total":3,"covered":0,"skipped":0,"pct":0},"statements":{"total":25,"covered":2,"skipped":0,"pct":8},"branches":{"total":10,"covered":0,"skipped":0,"pct":0}}
,"C:\\Users\\Shani\\reichman\\2nd_year\\Sem_B\\fullstack\\online_store\\screens\\my-items-server.js": {"lines":{"total":9,"covered":0,"skipped":0,"pct":0},"functions":{"total":2,"covered":0,"skipped":0,"pct":0},"statements":{"total":9,"covered":0,"skipped":0,"pct":0},"branches":{"total":2,"covered":0,"skipped":0,"pct":0}}
,"C:\\Users\\Shani\\reichman\\2nd_year\\Sem_B\\fullstack\\online_store\\screens\\register-server.js": {"lines":{"total":17,"covered":2,"skipped":0,"pct":11.76},"functions":{"total":2,"covered":0,"skipped":0,"pct":0},"statements":{"total":18,"covered":2,"skipped":0,"pct":11.11},"branches":{"total":4,"covered":0,"skipped":0,"pct":0}}
,"C:\\Users\\Shani\\reichman\\2nd_year\\Sem_B\\fullstack\\online_store\\screens\\store-server.js": {"lines":{"total":20,"covered":2,"skipped":0,"pct":10},"functions":{"total":3,"covered":0,"skipped":0,"pct":0},"statements":{"total":20,"covered":2,"skipped":0,"pct":10},"branches":{"total":6,"covered":0,"skipped":0,"pct":0}}
,"C:\\Users\\Shani\\reichman\\2nd_year\\Sem_B\\fullstack\\online_store\\screens\\wishlist-server.js": {"lines":{"total":28,"covered":0,"skipped":0,"pct":0},"functions":{"total":5,"covered":0,"skipped":0,"pct":0},"statements":{"total":29,"covered":0,"skipped":0,"pct":0},"branches":{"total":4,"covered":0,"skipped":0,"pct":0}}
}
