TN:
SF:persist_module.js
FN:9,ensureDataDir
FN:21,loadUserData
FN:37,saveUserData
FN:51,saveData
FN:63,loadData
FN:77,saveUsers
FN:81,loadUsers
FN:87,createDefaultAdmin
FN:105,getUsers
FN:115,addUser
FN:130,saveCart
FN:134,loadCart
FN:139,getUserCart
FN:143,saveUserCart
FN:148,logActivity
FN:162,getUserActivities
FN:167,getActivities
FN:181,(anonymous_17)
FN:188,getAllActivities
FN:193,saveProducts
FN:197,loadProducts
FN:214,getProducts
FN:223,addProduct
FN:225,(anonymous_23)
FN:236,removeProduct
FN:238,(anonymous_25)
FN:244,savePurchase
FN:260,getPurchases
FN:264,getUserPurchases
FN:269,getUserWishlist
FN:274,saveUserWishlist
FN:281,addContact
FN:288,initialize
FNF:33
FNH:6
FNDA:2,ensureDataDir
FNDA:0,loadUserData
FNDA:0,saveUserData
FNDA:0,saveData
FNDA:5,loadData
FNDA:0,saveUsers
FNDA:1,loadUsers
FNDA:1,createDefaultAdmin
FNDA:0,getUsers
FNDA:0,addUser
FNDA:0,saveCart
FNDA:0,loadCart
FNDA:0,getUserCart
FNDA:0,saveUserCart
FNDA:0,logActivity
FNDA:0,getUserActivities
FNDA:0,getActivities
FNDA:0,(anonymous_17)
FNDA:0,getAllActivities
FNDA:0,saveProducts
FNDA:1,loadProducts
FNDA:0,getProducts
FNDA:0,addProduct
FNDA:0,(anonymous_23)
FNDA:0,removeProduct
FNDA:0,(anonymous_25)
FNDA:0,savePurchase
FNDA:0,getPurchases
FNDA:0,getUserPurchases
FNDA:0,getUserWishlist
FNDA:0,saveUserWishlist
FNDA:0,addContact
FNDA:1,initialize
DA:5,1
DA:6,1
DA:10,2
DA:11,2
DA:12,2
DA:16,0
DA:22,0
DA:23,0
DA:24,0
DA:25,0
DA:26,0
DA:30,0
DA:31,0
DA:32,0
DA:38,0
DA:39,0
DA:40,0
DA:41,0
DA:42,0
DA:45,0
DA:46,0
DA:52,0
DA:53,0
DA:54,0
DA:55,0
DA:58,0
DA:59,0
DA:64,5
DA:65,5
DA:66,5
DA:67,5
DA:71,0
DA:72,0
DA:78,0
DA:82,1
DA:83,1
DA:88,1
DA:91,1
DA:92,0
DA:98,0
DA:99,0
DA:101,1
DA:106,0
DA:107,0
DA:109,0
DA:110,0
DA:116,0
DA:117,0
DA:124,0
DA:125,0
DA:126,0
DA:131,0
DA:135,0
DA:140,0
DA:144,0
DA:149,0
DA:150,0
DA:156,0
DA:157,0
DA:158,0
DA:163,0
DA:168,0
DA:170,0
DA:171,0
DA:173,0
DA:174,0
DA:175,0
DA:176,0
DA:181,0
DA:183,0
DA:184,0
DA:189,0
DA:194,0
DA:198,1
DA:201,1
DA:202,0
DA:207,0
DA:208,0
DA:210,1
DA:215,0
DA:216,0
DA:218,0
DA:219,0
DA:224,0
DA:225,0
DA:226,0
DA:231,0
DA:232,0
DA:233,0
DA:237,0
DA:238,0
DA:239,0
DA:240,0
DA:245,0
DA:247,0
DA:255,0
DA:256,0
DA:257,0
DA:261,0
DA:265,0
DA:270,0
DA:271,0
DA:275,0
DA:276,0
DA:277,0
DA:282,0
DA:283,0
DA:284,0
DA:289,1
DA:291,1
DA:292,1
DA:293,1
DA:294,1
DA:295,1
DA:296,1
DA:298,0
DA:299,0
DA:304,1
DA:306,1
LF:119
LH:26
BRDA:21,0,0,0
BRDA:63,1,0,0
BRDA:91,2,0,0
BRDA:91,2,1,1
BRDA:148,3,0,0
BRDA:167,4,0,0
BRDA:174,5,0,0
BRDA:174,5,1,0
BRDA:174,6,0,0
BRDA:174,6,1,0
BRDA:201,7,0,0
BRDA:201,7,1,1
BRDA:271,8,0,0
BRDA:271,8,1,0
BRF:14
BRH:2
end_of_record
TN:
SF:server.js
FN:9,getCurrentUser
FN:40,requireAuth
FN:52,requireAuthAPI
FN:71,rateLimiter
FN:81,(anonymous_4)
FN:100,(anonymous_5)
FN:118,(anonymous_6)
FN:123,(anonymous_7)
FN:128,(anonymous_8)
FN:133,(anonymous_9)
FN:137,(anonymous_10)
FN:141,(anonymous_11)
FN:159,(anonymous_12)
FN:200,(anonymous_13)
FN:214,(anonymous_14)
FN:222,(anonymous_15)
FN:224,(anonymous_16)
FN:245,(anonymous_17)
FN:249,(anonymous_18)
FN:266,(anonymous_19)
FN:287,(anonymous_20)
FN:305,(anonymous_21)
FN:317,(anonymous_22)
FN:322,(anonymous_23)
FN:333,(anonymous_24)
FN:354,(anonymous_25)
FN:370,(anonymous_26)
FN:387,(anonymous_27)
FN:403,(anonymous_28)
FN:421,migrateUserData
FN:426,(anonymous_30)
FN:449,(anonymous_31)
FNF:32
FNH:3
FNDA:0,getCurrentUser
FNDA:0,requireAuth
FNDA:0,requireAuthAPI
FNDA:0,rateLimiter
FNDA:0,(anonymous_4)
FNDA:0,(anonymous_5)
FNDA:0,(anonymous_6)
FNDA:0,(anonymous_7)
FNDA:0,(anonymous_8)
FNDA:0,(anonymous_9)
FNDA:0,(anonymous_10)
FNDA:0,(anonymous_11)
FNDA:0,(anonymous_12)
FNDA:0,(anonymous_13)
FNDA:0,(anonymous_14)
FNDA:0,(anonymous_15)
FNDA:0,(anonymous_16)
FNDA:0,(anonymous_17)
FNDA:0,(anonymous_18)
FNDA:0,(anonymous_19)
FNDA:0,(anonymous_20)
FNDA:0,(anonymous_21)
FNDA:0,(anonymous_22)
FNDA:0,(anonymous_23)
FNDA:0,(anonymous_24)
FNDA:0,(anonymous_25)
FNDA:0,(anonymous_26)
FNDA:0,(anonymous_27)
FNDA:0,(anonymous_28)
FNDA:1,migrateUserData
FNDA:5,(anonymous_30)
FNDA:1,(anonymous_31)
DA:2,1
DA:3,1
DA:4,1
DA:5,1
DA:10,0
DA:15,1
DA:16,1
DA:17,1
DA:18,1
DA:19,1
DA:20,1
DA:25,1
DA:32,1
DA:33,1
DA:34,1
DA:35,1
DA:41,0
DA:43,0
DA:47,0
DA:53,0
DA:55,0
DA:59,0
DA:67,1
DA:68,1
DA:69,1
DA:72,0
DA:73,0
DA:76,0
DA:77,0
DA:81,0
DA:84,0
DA:85,0
DA:89,0
DA:90,0
DA:94,1
DA:100,1
DA:102,0
DA:107,1
DA:110,1
DA:113,1
DA:118,1
DA:119,0
DA:123,1
DA:124,0
DA:128,1
DA:129,0
DA:133,1
DA:134,0
DA:137,1
DA:138,0
DA:141,1
DA:142,0
DA:150,1
DA:154,1
DA:155,1
DA:158,1
DA:159,1
DA:163,1
DA:167,1
DA:171,1
DA:175,1
DA:179,1
DA:180,1
DA:181,1
DA:182,1
DA:185,1
DA:188,1
DA:193,1
DA:196,1
DA:200,1
DA:201,0
DA:202,0
DA:203,0
DA:204,0
DA:207,0
DA:208,0
DA:214,1
DA:215,0
DA:216,0
DA:218,0
DA:219,0
DA:222,0
DA:223,0
DA:224,0
DA:225,0
DA:226,0
DA:231,0
DA:238,0
DA:239,0
DA:245,1
DA:246,0
DA:247,0
DA:248,0
DA:249,0
DA:251,0
DA:252,0
DA:254,0
DA:258,0
DA:259,0
DA:266,1
DA:267,0
DA:268,0
DA:270,0
DA:279,0
DA:282,0
DA:283,0
DA:287,1
DA:288,0
DA:289,0
DA:290,0
DA:293,0
DA:294,0
DA:296,0
DA:297,0
DA:298,0
DA:299,0
DA:300,0
DA:304,0
DA:305,0
DA:306,0
DA:307,0
DA:309,0
DA:310,0
DA:312,0
DA:313,0
DA:317,1
DA:318,0
DA:319,0
DA:320,0
DA:321,0
DA:322,0
DA:324,0
DA:327,0
DA:328,0
DA:333,1
DA:334,0
DA:335,0
DA:336,0
DA:338,0
DA:339,0
DA:341,0
DA:342,0
DA:343,0
DA:346,0
DA:349,0
DA:350,0
DA:354,1
DA:355,0
DA:356,0
DA:357,0
DA:359,0
DA:360,0
DA:364,0
DA:367,0
DA:370,0
DA:371,0
DA:372,0
DA:376,0
DA:378,0
DA:381,0
DA:382,0
DA:387,1
DA:388,0
DA:389,0
DA:390,0
DA:392,0
DA:393,0
DA:397,0
DA:400,0
DA:403,0
DA:404,0
DA:405,0
DA:409,0
DA:411,0
DA:414,0
DA:415,0
DA:422,1
DA:423,1
DA:424,1
DA:426,1
DA:427,5
DA:428,0
DA:429,0
DA:436,5
DA:439,1
DA:440,0
DA:441,0
DA:444,0
DA:449,1
DA:450,1
DA:453,1
DA:456,1
LF:192
LH:66
BRDA:10,0,0,0
BRDA:10,0,1,0
BRDA:41,1,0,0
BRDA:41,1,1,0
BRDA:53,2,0,0
BRDA:53,2,1,0
BRDA:76,3,0,0
BRDA:76,3,1,0
BRDA:84,4,0,0
BRDA:84,4,1,0
BRDA:223,5,0,0
BRDA:223,5,1,0
BRDA:225,6,0,0
BRDA:225,6,1,0
BRDA:251,7,0,0
BRDA:251,7,1,0
BRDA:297,8,0,0
BRDA:297,8,1,0
BRDA:339,9,0,0
BRDA:339,9,1,0
BRDA:341,10,0,0
BRDA:341,10,1,0
BRDA:359,11,0,0
BRDA:359,11,1,0
BRDA:367,12,0,0
BRDA:367,12,1,0
BRDA:371,13,0,0
BRDA:371,13,1,0
BRDA:392,14,0,0
BRDA:392,14,1,0
BRDA:400,15,0,0
BRDA:400,15,1,0
BRDA:404,16,0,0
BRDA:404,16,1,0
BRDA:427,17,0,0
BRDA:427,17,1,5
BRDA:431,18,0,0
BRDA:431,18,1,0
BRDA:432,19,0,0
BRDA:432,19,1,0
BRDA:439,20,0,0
BRDA:439,20,1,1
BRF:42
BRH:2
end_of_record
TN:
SF:screens\admin-server.js
FN:4,(anonymous_0)
FN:13,(anonymous_1)
FN:22,(anonymous_2)
FN:29,(anonymous_3)
FN:34,(anonymous_4)
FN:55,(anonymous_5)
FN:64,(anonymous_6)
FN:66,(anonymous_7)
FN:84,(anonymous_8)
FN:129,(anonymous_9)
FN:142,(anonymous_10)
FN:162,(anonymous_11)
FN:166,(anonymous_12)
FNF:13
FNH:0
FNDA:0,(anonymous_0)
FNDA:0,(anonymous_1)
FNDA:0,(anonymous_2)
FNDA:0,(anonymous_3)
FNDA:0,(anonymous_4)
FNDA:0,(anonymous_5)
FNDA:0,(anonymous_6)
FNDA:0,(anonymous_7)
FNDA:0,(anonymous_8)
FNDA:0,(anonymous_9)
FNDA:0,(anonymous_10)
FNDA:0,(anonymous_11)
FNDA:0,(anonymous_12)
DA:1,1
DA:3,1
DA:5,0
DA:7,0
DA:10,0
DA:13,0
DA:14,0
DA:19,0
DA:20,0
DA:22,0
DA:23,0
DA:25,0
DA:29,0
DA:30,0
DA:34,0
DA:36,0
DA:37,0
DA:38,0
DA:41,0
DA:48,0
DA:50,0
DA:51,0
DA:56,0
DA:57,0
DA:58,0
DA:61,0
DA:64,0
DA:65,0
DA:66,0
DA:67,0
DA:68,0
DA:73,0
DA:79,0
DA:80,0
DA:85,0
DA:86,0
DA:87,0
DA:90,0
DA:91,0
DA:98,0
DA:99,0
DA:100,0
DA:106,0
DA:118,0
DA:122,0
DA:124,0
DA:125,0
DA:130,0
DA:131,0
DA:133,0
DA:134,0
DA:141,0
DA:142,0
DA:144,0
DA:145,0
DA:151,0
DA:155,0
DA:157,0
DA:158,0
DA:163,0
DA:164,0
DA:166,0
DA:171,0
DA:173,0
DA:174,0
LF:65
LH:2
BRDA:7,0,0,0
BRDA:7,0,1,0
BRDA:7,0,2,0
BRDA:14,1,0,0
BRDA:14,1,1,0
BRDA:14,1,2,0
BRDA:20,2,0,0
BRDA:20,2,1,0
BRDA:23,3,0,0
BRDA:23,3,1,0
BRDA:37,4,0,0
BRDA:37,4,1,0
BRDA:65,5,0,0
BRDA:65,5,1,0
BRDA:67,6,0,0
BRDA:67,6,1,0
BRDA:86,7,0,0
BRDA:86,7,1,0
BRDA:90,8,0,0
BRDA:90,8,1,0
BRDA:90,9,0,0
BRDA:90,9,1,0
BRDA:90,9,2,0
BRDA:90,9,3,0
BRDA:99,10,0,0
BRDA:99,10,1,0
BRDA:99,11,0,0
BRDA:99,11,1,0
BRDA:112,12,0,0
BRDA:112,12,1,0
BRDA:133,13,0,0
BRDA:133,13,1,0
BRDA:144,14,0,0
BRDA:144,14,1,0
BRF:34
BRH:0
end_of_record
TN:
SF:screens\cart-server.js
FN:3,getCurrentUser
FN:8,(anonymous_1)
FN:22,(anonymous_2)
FN:40,(anonymous_3)
FN:66,(anonymous_4)
FN:73,(anonymous_5)
FN:87,(anonymous_6)
FN:88,(anonymous_7)
FN:107,(anonymous_8)
FN:135,(anonymous_9)
FN:141,(anonymous_10)
FN:160,(anonymous_11)
FN:172,(anonymous_12)
FN:175,(anonymous_13)
FN:180,(anonymous_14)
FN:199,(anonymous_15)
FN:210,(anonymous_16)
FN:220,(anonymous_17)
FNF:18
FNH:0
FNDA:0,getCurrentUser
FNDA:0,(anonymous_1)
FNDA:0,(anonymous_2)
FNDA:0,(anonymous_3)
FNDA:0,(anonymous_4)
FNDA:0,(anonymous_5)
FNDA:0,(anonymous_6)
FNDA:0,(anonymous_7)
FNDA:0,(anonymous_8)
FNDA:0,(anonymous_9)
FNDA:0,(anonymous_10)
FNDA:0,(anonymous_11)
FNDA:0,(anonymous_12)
FNDA:0,(anonymous_13)
FNDA:0,(anonymous_14)
FNDA:0,(anonymous_15)
FNDA:0,(anonymous_16)
FNDA:0,(anonymous_17)
DA:1,1
DA:4,0
DA:7,1
DA:9,0
DA:10,0
DA:11,0
DA:13,0
DA:14,0
DA:18,0
DA:21,0
DA:22,0
DA:24,0
DA:25,0
DA:28,0
DA:30,0
DA:31,0
DA:32,0
DA:40,0
DA:41,0
DA:42,0
DA:44,0
DA:45,0
DA:54,0
DA:57,0
DA:59,0
DA:61,0
DA:62,0
DA:67,0
DA:68,0
DA:69,0
DA:72,0
DA:73,0
DA:74,0
DA:75,0
DA:76,0
DA:78,0
DA:81,0
DA:82,0
DA:86,0
DA:87,0
DA:88,0
DA:89,0
DA:100,0
DA:102,0
DA:103,0
DA:108,0
DA:109,0
DA:114,0
DA:116,0
DA:117,0
DA:119,0
DA:124,0
DA:130,0
DA:131,0
DA:134,0
DA:135,0
DA:139,0
DA:140,0
DA:141,0
DA:145,0
DA:146,0
DA:152,0
DA:153,0
DA:155,0
DA:156,0
DA:161,0
DA:162,0
DA:163,0
DA:165,0
DA:166,0
DA:169,0
DA:170,0
DA:172,0
DA:173,0
DA:174,0
DA:175,0
DA:178,0
DA:179,0
DA:180,0
DA:181,0
DA:185,0
DA:188,0
DA:189,0
DA:191,0
DA:194,0
DA:195,0
DA:200,0
DA:201,0
DA:202,0
DA:203,0
DA:205,0
DA:206,0
DA:211,0
DA:212,0
DA:213,0
DA:215,0
DA:216,0
DA:219,0
DA:220,0
DA:222,0
DA:223,0
DA:224,0
DA:226,0
DA:227,0
DA:229,0
DA:232,0
DA:233,0
LF:107
LH:2
BRDA:4,0,0,0
BRDA:4,0,1,0
BRDA:13,1,0,0
BRDA:13,1,1,0
BRDA:18,2,0,0
BRDA:18,2,1,0
BRDA:24,3,0,0
BRDA:24,3,1,0
BRDA:30,4,0,0
BRDA:30,4,1,0
BRDA:30,5,0,0
BRDA:30,5,1,0
BRDA:40,6,0,0
BRDA:40,6,1,0
BRDA:41,7,0,0
BRDA:41,7,1,0
BRDA:74,8,0,0
BRDA:74,8,1,0
BRDA:81,9,0,0
BRDA:81,9,1,0
BRDA:91,10,0,0
BRDA:91,10,1,0
BRDA:114,11,0,0
BRDA:114,11,1,0
BRDA:117,12,0,0
BRDA:117,12,1,0
BRDA:117,13,0,0
BRDA:117,13,1,0
BRDA:117,13,2,0
BRDA:119,14,0,0
BRDA:119,14,1,0
BRDA:120,15,0,0
BRDA:120,15,1,0
BRDA:134,16,0,0
BRDA:134,16,1,0
BRDA:139,17,0,0
BRDA:139,17,1,0
BRDA:139,18,0,0
BRDA:139,18,1,0
BRDA:139,18,2,0
BRDA:145,19,0,0
BRDA:145,19,1,0
BRDA:165,20,0,0
BRDA:165,20,1,0
BRDA:173,21,0,0
BRDA:173,21,1,0
BRDA:178,22,0,0
BRDA:178,22,1,0
BRDA:179,23,0,0
BRDA:179,23,1,0
BRDA:181,24,0,0
BRDA:181,24,1,0
BRDA:215,25,0,0
BRDA:215,25,1,0
BRDA:222,26,0,0
BRDA:222,26,1,0
BRF:56
BRH:0
end_of_record
TN:
SF:screens\checkout-server.js
FN:3,getCurrentUser
FN:8,(anonymous_1)
FN:53,(anonymous_2)
FN:54,(anonymous_3)
FN:102,(anonymous_4)
FN:104,(anonymous_5)
FNF:6
FNH:0
FNDA:0,getCurrentUser
FNDA:0,(anonymous_1)
FNDA:0,(anonymous_2)
FNDA:0,(anonymous_3)
FNDA:0,(anonymous_4)
FNDA:0,(anonymous_5)
DA:1,1
DA:4,0
DA:7,1
DA:9,0
DA:10,0
DA:24,0
DA:27,0
DA:28,0
DA:35,0
DA:36,0
DA:43,0
DA:44,0
DA:51,0
DA:52,0
DA:53,0
DA:54,0
DA:55,0
DA:56,0
DA:58,0
DA:59,0
DA:60,0
DA:71,0
DA:92,0
DA:98,0
DA:101,0
DA:102,0
DA:104,0
DA:106,0
DA:107,0
DA:110,0
DA:111,0
DA:113,0
DA:117,0
DA:119,0
DA:121,0
DA:122,0
LF:36
LH:2
BRDA:4,0,0,0
BRDA:4,0,1,0
BRDA:27,1,0,0
BRDA:27,1,1,0
BRDA:27,2,0,0
BRDA:27,2,1,0
BRDA:27,2,2,0
BRDA:35,3,0,0
BRDA:35,3,1,0
BRDA:35,4,0,0
BRDA:35,4,1,0
BRDA:35,4,2,0
BRDA:35,4,3,0
BRDA:35,4,4,0
BRDA:35,4,5,0
BRDA:43,5,0,0
BRDA:43,5,1,0
BRDA:43,6,0,0
BRDA:43,6,1,0
BRDA:43,6,2,0
BRDA:43,6,3,0
BRDA:55,7,0,0
BRDA:55,7,1,0
BRDA:106,8,0,0
BRDA:106,8,1,0
BRDA:106,9,0,0
BRDA:106,9,1,0
BRDA:111,10,0,0
BRDA:111,10,1,0
BRDA:112,11,0,0
BRDA:112,11,1,0
BRDA:113,12,0,0
BRDA:113,12,1,0
BRF:33
BRH:0
end_of_record
TN:
SF:screens\login-server.js
FN:4,(anonymous_0)
FN:10,(anonymous_1)
FN:32,(anonymous_2)
FNF:3
FNH:0
FNDA:0,(anonymous_0)
FNDA:0,(anonymous_1)
FNDA:0,(anonymous_2)
DA:1,1
DA:3,1
DA:5,0
DA:6,0
DA:9,0
DA:10,0
DA:12,0
DA:14,0
DA:15,0
DA:18,0
DA:21,0
DA:24,0
DA:27,0
DA:28,0
DA:33,0
DA:34,0
DA:37,0
DA:38,0
DA:42,0
DA:43,0
DA:44,0
DA:46,0
DA:48,0
DA:49,0
LF:24
LH:2
BRDA:10,0,0,0
BRDA:10,0,1,0
BRDA:12,1,0,0
BRDA:12,1,1,0
BRDA:14,2,0,0
BRDA:14,2,1,0
BRDA:34,3,0,0
BRDA:34,3,1,0
BRDA:37,4,0,0
BRDA:37,4,1,0
BRF:10
BRH:0
end_of_record
TN:
SF:screens\my-items-server.js
FN:6,getCurrentUser
FN:14,(anonymous_1)
FNF:2
FNH:0
FNDA:0,getCurrentUser
FNDA:0,(anonymous_1)
DA:4,0
DA:7,0
DA:10,0
DA:15,0
DA:16,0
DA:17,0
DA:18,0
DA:20,0
DA:21,0
LF:9
LH:0
BRDA:7,0,0,0
BRDA:7,0,1,0
BRF:2
BRH:0
end_of_record
TN:
SF:screens\register-server.js
FN:4,(anonymous_0)
FN:12,(anonymous_1)
FNF:2
FNH:0
FNDA:0,(anonymous_0)
FNDA:0,(anonymous_1)
DA:1,1
DA:3,1
DA:5,0
DA:6,0
DA:9,0
DA:12,0
DA:13,0
DA:14,0
DA:18,0
DA:24,0
DA:27,0
DA:30,0
DA:31,0
DA:34,0
DA:36,0
DA:38,0
DA:39,0
LF:17
LH:2
BRDA:13,0,0,0
BRDA:13,0,1,0
BRDA:30,1,0,0
BRDA:30,1,1,0
BRF:4
BRH:0
end_of_record
TN:
SF:screens\store-server.js
FN:4,(anonymous_0)
FN:14,(anonymous_1)
FN:23,(anonymous_2)
FNF:3
FNH:0
FNDA:0,(anonymous_0)
FNDA:0,(anonymous_1)
FNDA:0,(anonymous_2)
DA:1,1
DA:3,1
DA:5,0
DA:6,0
DA:7,0
DA:9,0
DA:10,0
DA:15,0
DA:16,0
DA:17,0
DA:19,0
DA:20,0
DA:23,0
DA:24,0
DA:25,0
DA:26,0
DA:28,0
DA:31,0
DA:33,0
DA:34,0
LF:20
LH:2
BRDA:16,0,0,0
BRDA:16,0,1,0
BRDA:19,1,0,0
BRDA:19,1,1,0
BRDA:28,2,0,0
BRDA:28,2,1,0
BRF:6
BRH:0
end_of_record
TN:
SF:screens\wishlist-server.js
FN:3,getCurrentUser
FN:8,(anonymous_1)
FN:19,(anonymous_2)
FN:38,(anonymous_3)
FN:44,(anonymous_4)
FNF:5
FNH:0
FNDA:0,getCurrentUser
FNDA:0,(anonymous_1)
FNDA:0,(anonymous_2)
FNDA:0,(anonymous_3)
FNDA:0,(anonymous_4)
DA:1,0
DA:4,0
DA:7,0
DA:9,0
DA:10,0
DA:11,0
DA:12,0
DA:14,0
DA:15,0
DA:20,0
DA:21,0
DA:22,0
DA:24,0
DA:26,0
DA:27,0
DA:28,0
DA:31,0
DA:33,0
DA:34,0
DA:39,0
DA:40,0
DA:41,0
DA:43,0
DA:44,0
DA:46,0
DA:47,0
DA:49,0
DA:50,0
LF:28
LH:0
BRDA:4,0,0,0
BRDA:4,0,1,0
BRDA:26,1,0,0
BRDA:26,1,1,0
BRF:4
BRH:0
end_of_record
